DEBUG:Chroma:Logger created
DEBUG:Chroma:Logger created
DEBUG:Chroma:Index not found
DEBUG:Chroma:Index saved to {self._save_folder}/index.bin
DEBUG:Chroma:Index saved to {self._save_folder}/index.bin
DEBUG:Chroma:Index saved to {self._save_folder}/index.bin
DEBUG:Chroma:Index saved to {self._save_folder}/index.bin
DEBUG:Chroma:Index saved to {self._save_folder}/index.bin
DEBUG:Chroma:Index saved to {self._save_folder}/index.bin
DEBUG:Chroma:Index saved to {self._save_folder}/index.bin
DEBUG:Chroma:Index saved to {self._save_folder}/index.bin
DEBUG:Chroma:Index saved to {self._save_folder}/index.bin
DEBUG:Chroma:Index saved to {self._save_folder}/index.bin
DEBUG:Chroma:Index saved to {self._save_folder}/index.bin
DEBUG:Chroma:Index saved to {self._save_folder}/index.bin
DEBUG:Chroma:Index saved to {self._save_folder}/index.bin
DEBUG:Chroma:Index saved to {self._save_folder}/index.bin
DEBUG:Chroma:Index saved to {self._save_folder}/index.bin
DEBUG:Chroma:Index saved to {self._save_folder}/index.bin
DEBUG:Chroma:Index saved to {self._save_folder}/index.bin
DEBUG:Chroma:Index saved to {self._save_folder}/index.bin
DEBUG:Chroma:Index saved to {self._save_folder}/index.bin
DEBUG:Chroma:Index saved to {self._save_folder}/index.bin
DEBUG:Chroma:Index saved to {self._save_folder}/index.bin
DEBUG:Chroma:Index saved to {self._save_folder}/index.bin
DEBUG:Chroma:Index saved to {self._save_folder}/index.bin
DEBUG:Chroma:Index saved to {self._save_folder}/index.bin
DEBUG:Chroma:Index saved to {self._save_folder}/index.bin
DEBUG:Chroma:Index saved to {self._save_folder}/index.bin
DEBUG:Chroma:Index saved to {self._save_folder}/index.bin
DEBUG:Chroma:Index saved to {self._save_folder}/index.bin
DEBUG:Chroma:Index saved to {self._save_folder}/index.bin
DEBUG:Chroma:Index saved to {self._save_folder}/index.bin
DEBUG:Chroma:time to pre process our knn query: 3.814697265625e-06
DEBUG:Chroma:time to run knn query: 0.0001690387725830078
DEBUG:Chroma:Logger created
DEBUG:Chroma:Index not found
DEBUG:Chroma:Index saved to {self._save_folder}/index.bin
DEBUG:Chroma:Index saved to {self._save_folder}/index.bin
DEBUG:Chroma:Index saved to {self._save_folder}/index.bin
DEBUG:Chroma:Index saved to {self._save_folder}/index.bin
DEBUG:Chroma:Index saved to {self._save_folder}/index.bin
DEBUG:Chroma:Index saved to {self._save_folder}/index.bin
DEBUG:Chroma:Index saved to {self._save_folder}/index.bin
DEBUG:Chroma:Index saved to {self._save_folder}/index.bin
DEBUG:Chroma:Index saved to {self._save_folder}/index.bin
DEBUG:Chroma:Index saved to {self._save_folder}/index.bin
DEBUG:Chroma:Index saved to {self._save_folder}/index.bin
DEBUG:Chroma:Index saved to {self._save_folder}/index.bin
DEBUG:Chroma:Index saved to {self._save_folder}/index.bin
DEBUG:Chroma:Index saved to {self._save_folder}/index.bin
DEBUG:Chroma:Index saved to {self._save_folder}/index.bin
DEBUG:Chroma:Index saved to {self._save_folder}/index.bin
DEBUG:Chroma:Index saved to {self._save_folder}/index.bin
DEBUG:Chroma:Index saved to {self._save_folder}/index.bin
DEBUG:Chroma:Index saved to {self._save_folder}/index.bin
DEBUG:Chroma:Index saved to {self._save_folder}/index.bin
DEBUG:Chroma:Index saved to {self._save_folder}/index.bin
DEBUG:Chroma:Index saved to {self._save_folder}/index.bin
DEBUG:Chroma:Index saved to {self._save_folder}/index.bin
DEBUG:Chroma:Index saved to {self._save_folder}/index.bin
DEBUG:Chroma:Index saved to {self._save_folder}/index.bin
DEBUG:Chroma:Index saved to {self._save_folder}/index.bin
DEBUG:Chroma:Index saved to {self._save_folder}/index.bin
DEBUG:Chroma:Index saved to {self._save_folder}/index.bin
DEBUG:Chroma:Index saved to {self._save_folder}/index.bin
DEBUG:Chroma:Index saved to {self._save_folder}/index.bin
DEBUG:Chroma:time to pre process our knn query: 2.1457672119140625e-06
DEBUG:Chroma:time to run knn query: 0.00010514259338378906
DEBUG:Chroma:Logger created
DEBUG:Chroma:Index not found
DEBUG:Chroma:Index saved to {self._save_folder}/index.bin
DEBUG:Chroma:Index saved to {self._save_folder}/index.bin
DEBUG:Chroma:Index saved to {self._save_folder}/index.bin
DEBUG:Chroma:Index saved to {self._save_folder}/index.bin
DEBUG:Chroma:Index saved to {self._save_folder}/index.bin
DEBUG:Chroma:Index saved to {self._save_folder}/index.bin
DEBUG:Chroma:Index saved to {self._save_folder}/index.bin
DEBUG:Chroma:Index saved to {self._save_folder}/index.bin
DEBUG:Chroma:Index saved to {self._save_folder}/index.bin
DEBUG:Chroma:Index saved to {self._save_folder}/index.bin
DEBUG:Chroma:Index saved to {self._save_folder}/index.bin
DEBUG:Chroma:Index saved to {self._save_folder}/index.bin
DEBUG:Chroma:Index saved to {self._save_folder}/index.bin
DEBUG:Chroma:Index saved to {self._save_folder}/index.bin
DEBUG:Chroma:Index saved to {self._save_folder}/index.bin
DEBUG:Chroma:Index saved to {self._save_folder}/index.bin
DEBUG:Chroma:Index saved to {self._save_folder}/index.bin
DEBUG:Chroma:Index saved to {self._save_folder}/index.bin
DEBUG:Chroma:Index saved to {self._save_folder}/index.bin
DEBUG:Chroma:Index saved to {self._save_folder}/index.bin
DEBUG:Chroma:Index saved to {self._save_folder}/index.bin
DEBUG:Chroma:Index saved to {self._save_folder}/index.bin
DEBUG:Chroma:Index saved to {self._save_folder}/index.bin
DEBUG:Chroma:Index saved to {self._save_folder}/index.bin
DEBUG:Chroma:Index saved to {self._save_folder}/index.bin
DEBUG:Chroma:Index saved to {self._save_folder}/index.bin
DEBUG:Chroma:Index saved to {self._save_folder}/index.bin
DEBUG:Chroma:Index saved to {self._save_folder}/index.bin
DEBUG:Chroma:Index saved to {self._save_folder}/index.bin
DEBUG:Chroma:Index saved to {self._save_folder}/index.bin
DEBUG:Chroma:time to pre process our knn query: 3.814697265625e-06
DEBUG:Chroma:time to run knn query: 0.0001499652862548828
DEBUG:Chroma:Logger created
DEBUG:Chroma:Index not found
DEBUG:Chroma:Index saved to {self._save_folder}/index.bin
DEBUG:Chroma:Index saved to {self._save_folder}/index.bin
DEBUG:Chroma:Index saved to {self._save_folder}/index.bin
DEBUG:Chroma:Index saved to {self._save_folder}/index.bin
DEBUG:Chroma:Index saved to {self._save_folder}/index.bin
DEBUG:Chroma:Index saved to {self._save_folder}/index.bin
DEBUG:Chroma:Index saved to {self._save_folder}/index.bin
DEBUG:Chroma:Index saved to {self._save_folder}/index.bin
DEBUG:Chroma:Index saved to {self._save_folder}/index.bin
DEBUG:Chroma:Index saved to {self._save_folder}/index.bin
DEBUG:Chroma:Index saved to {self._save_folder}/index.bin
DEBUG:Chroma:Index saved to {self._save_folder}/index.bin
DEBUG:Chroma:Index saved to {self._save_folder}/index.bin
DEBUG:Chroma:Index saved to {self._save_folder}/index.bin
DEBUG:Chroma:Index saved to {self._save_folder}/index.bin
DEBUG:Chroma:Index saved to {self._save_folder}/index.bin
DEBUG:Chroma:Index saved to {self._save_folder}/index.bin
DEBUG:Chroma:Index saved to {self._save_folder}/index.bin
DEBUG:Chroma:Index saved to {self._save_folder}/index.bin
DEBUG:Chroma:Index saved to {self._save_folder}/index.bin
DEBUG:Chroma:Index saved to {self._save_folder}/index.bin
DEBUG:Chroma:Index saved to {self._save_folder}/index.bin
DEBUG:Chroma:Index saved to {self._save_folder}/index.bin
DEBUG:Chroma:Index saved to {self._save_folder}/index.bin
DEBUG:Chroma:Index saved to {self._save_folder}/index.bin
DEBUG:Chroma:Index saved to {self._save_folder}/index.bin
DEBUG:Chroma:Index saved to {self._save_folder}/index.bin
DEBUG:Chroma:Index saved to {self._save_folder}/index.bin
DEBUG:Chroma:Index saved to {self._save_folder}/index.bin
DEBUG:Chroma:Index saved to {self._save_folder}/index.bin
DEBUG:Chroma:time to pre process our knn query: 3.0994415283203125e-06
DEBUG:Chroma:time to run knn query: 0.0002040863037109375
DEBUG:Chroma:Logger created
DEBUG:Chroma:Index not found
DEBUG:Chroma:Index saved to {self._save_folder}/index.bin
DEBUG:Chroma:Index saved to {self._save_folder}/index.bin
DEBUG:Chroma:Index saved to {self._save_folder}/index.bin
DEBUG:Chroma:Index saved to {self._save_folder}/index.bin
DEBUG:Chroma:Index saved to {self._save_folder}/index.bin
DEBUG:Chroma:Index saved to {self._save_folder}/index.bin
DEBUG:Chroma:Index saved to {self._save_folder}/index.bin
DEBUG:Chroma:Index saved to {self._save_folder}/index.bin
DEBUG:Chroma:Index saved to {self._save_folder}/index.bin
DEBUG:Chroma:Index saved to {self._save_folder}/index.bin
DEBUG:Chroma:Index saved to {self._save_folder}/index.bin
DEBUG:Chroma:Index saved to {self._save_folder}/index.bin
DEBUG:Chroma:Index saved to {self._save_folder}/index.bin
DEBUG:Chroma:Index saved to {self._save_folder}/index.bin
DEBUG:Chroma:Index saved to {self._save_folder}/index.bin
DEBUG:Chroma:Index saved to {self._save_folder}/index.bin
DEBUG:Chroma:Index saved to {self._save_folder}/index.bin
DEBUG:Chroma:Index saved to {self._save_folder}/index.bin
DEBUG:Chroma:Index saved to {self._save_folder}/index.bin
DEBUG:Chroma:Index saved to {self._save_folder}/index.bin
DEBUG:Chroma:Index saved to {self._save_folder}/index.bin
DEBUG:Chroma:Index saved to {self._save_folder}/index.bin
DEBUG:Chroma:Index saved to {self._save_folder}/index.bin
DEBUG:Chroma:Index saved to {self._save_folder}/index.bin
DEBUG:Chroma:Index saved to {self._save_folder}/index.bin
DEBUG:Chroma:Index saved to {self._save_folder}/index.bin
DEBUG:Chroma:Index saved to {self._save_folder}/index.bin
DEBUG:Chroma:Index saved to {self._save_folder}/index.bin
DEBUG:Chroma:Index saved to {self._save_folder}/index.bin
DEBUG:Chroma:Index saved to {self._save_folder}/index.bin
DEBUG:Chroma:time to pre process our knn query: 3.0994415283203125e-06
DEBUG:Chroma:time to run knn query: 0.00016689300537109375
DEBUG:Chroma:Logger created
DEBUG:Chroma:Index not found
DEBUG:Chroma:Index saved to {self._save_folder}/index.bin
DEBUG:Chroma:Index saved to {self._save_folder}/index.bin
DEBUG:Chroma:Index saved to {self._save_folder}/index.bin
DEBUG:Chroma:Index saved to {self._save_folder}/index.bin
DEBUG:Chroma:Index saved to {self._save_folder}/index.bin
DEBUG:Chroma:Index saved to {self._save_folder}/index.bin
DEBUG:Chroma:Index saved to {self._save_folder}/index.bin
DEBUG:Chroma:Index saved to {self._save_folder}/index.bin
DEBUG:Chroma:Index saved to {self._save_folder}/index.bin
DEBUG:Chroma:Index saved to {self._save_folder}/index.bin
DEBUG:Chroma:Index saved to {self._save_folder}/index.bin
DEBUG:Chroma:Index saved to {self._save_folder}/index.bin
DEBUG:Chroma:Index saved to {self._save_folder}/index.bin
DEBUG:Chroma:Index saved to {self._save_folder}/index.bin
DEBUG:Chroma:Index saved to {self._save_folder}/index.bin
DEBUG:Chroma:Index saved to {self._save_folder}/index.bin
DEBUG:Chroma:Index saved to {self._save_folder}/index.bin
DEBUG:Chroma:Index saved to {self._save_folder}/index.bin
DEBUG:Chroma:Index saved to {self._save_folder}/index.bin
DEBUG:Chroma:Index saved to {self._save_folder}/index.bin
DEBUG:Chroma:Index saved to {self._save_folder}/index.bin
DEBUG:Chroma:Index saved to {self._save_folder}/index.bin
DEBUG:Chroma:Index saved to {self._save_folder}/index.bin
DEBUG:Chroma:Index saved to {self._save_folder}/index.bin
DEBUG:Chroma:Index saved to {self._save_folder}/index.bin
DEBUG:Chroma:Index saved to {self._save_folder}/index.bin
DEBUG:Chroma:Index saved to {self._save_folder}/index.bin
DEBUG:Chroma:Index saved to {self._save_folder}/index.bin
DEBUG:Chroma:Index saved to {self._save_folder}/index.bin
DEBUG:Chroma:Index saved to {self._save_folder}/index.bin
DEBUG:Chroma:time to pre process our knn query: 1.9073486328125e-06
DEBUG:Chroma:time to run knn query: 0.0001850128173828125
DEBUG:Chroma:time to pre process our knn query: 3.0994415283203125e-06
DEBUG:Chroma:time to run knn query: 0.00015878677368164062
DEBUG:Chroma:time to pre process our knn query: 3.814697265625e-06
DEBUG:Chroma:time to run knn query: 0.0001647472381591797
DEBUG:Chroma:time to pre process our knn query: 9.5367431640625e-07
DEBUG:Chroma:time to run knn query: 9.202957153320312e-05
DEBUG:Chroma:Logger created
DEBUG:Chroma:Index not found
DEBUG:Chroma:Index saved to {self._save_folder}/index.bin
DEBUG:Chroma:Index saved to {self._save_folder}/index.bin
DEBUG:Chroma:Index saved to {self._save_folder}/index.bin
DEBUG:Chroma:Index saved to {self._save_folder}/index.bin
DEBUG:Chroma:Index saved to {self._save_folder}/index.bin
DEBUG:Chroma:Index saved to {self._save_folder}/index.bin
DEBUG:Chroma:Index saved to {self._save_folder}/index.bin
DEBUG:Chroma:Index saved to {self._save_folder}/index.bin
DEBUG:Chroma:Index saved to {self._save_folder}/index.bin
DEBUG:Chroma:Index saved to {self._save_folder}/index.bin
DEBUG:Chroma:Index saved to {self._save_folder}/index.bin
DEBUG:Chroma:Index saved to {self._save_folder}/index.bin
DEBUG:Chroma:Index saved to {self._save_folder}/index.bin
DEBUG:Chroma:Index saved to {self._save_folder}/index.bin
DEBUG:Chroma:Index saved to {self._save_folder}/index.bin
DEBUG:Chroma:Index saved to {self._save_folder}/index.bin
DEBUG:Chroma:Index saved to {self._save_folder}/index.bin
DEBUG:Chroma:Index saved to {self._save_folder}/index.bin
DEBUG:Chroma:Index saved to {self._save_folder}/index.bin
DEBUG:Chroma:Index saved to {self._save_folder}/index.bin
DEBUG:Chroma:Index saved to {self._save_folder}/index.bin
DEBUG:Chroma:Index saved to {self._save_folder}/index.bin
DEBUG:Chroma:Index saved to {self._save_folder}/index.bin
DEBUG:Chroma:Index saved to {self._save_folder}/index.bin
DEBUG:Chroma:Index saved to {self._save_folder}/index.bin
DEBUG:Chroma:Index saved to {self._save_folder}/index.bin
DEBUG:Chroma:Index saved to {self._save_folder}/index.bin
DEBUG:Chroma:Index saved to {self._save_folder}/index.bin
DEBUG:Chroma:Index saved to {self._save_folder}/index.bin
DEBUG:Chroma:Index saved to {self._save_folder}/index.bin
DEBUG:Chroma:time to pre process our knn query: 2.1457672119140625e-06
DEBUG:Chroma:time to run knn query: 0.00014519691467285156
DEBUG:Chroma:time to pre process our knn query: 3.0994415283203125e-06
DEBUG:Chroma:time to run knn query: 0.000141143798828125
DEBUG:Chroma:time to pre process our knn query: 9.5367431640625e-07
DEBUG:Chroma:time to run knn query: 9.799003601074219e-05
DEBUG:Chroma:time to pre process our knn query: 9.5367431640625e-07
DEBUG:Chroma:time to run knn query: 0.00010919570922851562
DEBUG:Chroma:time to pre process our knn query: 2.86102294921875e-06
DEBUG:Chroma:time to run knn query: 0.00016117095947265625
DEBUG:Chroma:time to pre process our knn query: 1.1920928955078125e-06
DEBUG:Chroma:time to run knn query: 8.702278137207031e-05
DEBUG:Chroma:time to pre process our knn query: 1.1920928955078125e-06
DEBUG:Chroma:time to run knn query: 0.000125885009765625
DEBUG:Chroma:time to pre process our knn query: 6.198883056640625e-06
DEBUG:Chroma:time to run knn query: 0.00011873245239257812
DEBUG:Chroma:time to pre process our knn query: 2.1457672119140625e-06
DEBUG:Chroma:time to run knn query: 0.00010180473327636719
DEBUG:Chroma:time to pre process our knn query: 1.9073486328125e-06
DEBUG:Chroma:time to run knn query: 0.00017404556274414062
